Determining if the pthread_create exist failed with the following output:
Change Dir: /home/jesse/ros_sandbox/hw1/build/CMakeFiles/CMakeTmp

Run Build Command:/usr/bin/make "cmTryCompileExec2066525984/fast"
/usr/bin/make -f CMakeFiles/cmTryCompileExec2066525984.dir/build.make CMakeFiles/cmTryCompileExec2066525984.dir/build
make[1]: Entering directory `/home/jesse/ros_sandbox/hw1/build/CMakeFiles/CMakeTmp'
/usr/bin/cmake -E cmake_progress_report /home/jesse/ros_sandbox/hw1/build/CMakeFiles/CMakeTmp/CMakeFiles 1
Building C object CMakeFiles/cmTryCompileExec2066525984.dir/CheckSymbolExists.c.o
/usr/bin/cc    -o CMakeFiles/cmTryCompileExec2066525984.dir/CheckSymbolExists.c.o   -c /home/jesse/ros_sandbox/hw1/build/CMakeFiles/CMakeTmp/CheckSymbolExists.c
Linking C executable cmTryCompileExec2066525984
/usr/bin/cmake -E cmake_link_script CMakeFiles/cmTryCompileExec2066525984.dir/link.txt --verbose=1
/usr/bin/cc       CMakeFiles/cmTryCompileExec2066525984.dir/CheckSymbolExists.c.o  -o cmTryCompileExec2066525984 -rdynamic 
CMakeFiles/cmTryCompileExec2066525984.dir/CheckSymbolExists.c.o: In function `main':
CheckSymbolExists.c:(.text+0x16): undefined reference to `pthread_create'
collect2: error: ld returned 1 exit status
make[1]: *** [cmTryCompileExec2066525984] Error 1
make[1]: Leaving directory `/home/jesse/ros_sandbox/hw1/build/CMakeFiles/CMakeTmp'
make: *** [cmTryCompileExec2066525984/fast] Error 2

File /home/jesse/ros_sandbox/hw1/build/CMakeFiles/CMakeTmp/CheckSymbolExists.c:
/* */
#include <pthread.h>

int main(int argc, char** argv)
{
  (void)argv;
#ifndef pthread_create
  return ((int*)(&pthread_create))[argc];
#else
  (void)argc;
  return 0;
#endif
}

Determining if the function pthread_create exists in the pthreads failed with the following output:
Change Dir: /home/jesse/ros_sandbox/hw1/build/CMakeFiles/CMakeTmp

Run Build Command:/usr/bin/make "cmTryCompileExec1011192671/fast"
/usr/bin/make -f CMakeFiles/cmTryCompileExec1011192671.dir/build.make CMakeFiles/cmTryCompileExec1011192671.dir/build
make[1]: Entering directory `/home/jesse/ros_sandbox/hw1/build/CMakeFiles/CMakeTmp'
/usr/bin/cmake -E cmake_progress_report /home/jesse/ros_sandbox/hw1/build/CMakeFiles/CMakeTmp/CMakeFiles 1
Building C object CMakeFiles/cmTryCompileExec1011192671.dir/CheckFunctionExists.c.o
/usr/bin/cc   -DCHECK_FUNCTION_EXISTS=pthread_create   -o CMakeFiles/cmTryCompileExec1011192671.dir/CheckFunctionExists.c.o   -c /usr/share/cmake-2.8/Modules/CheckFunctionExists.c
Linking C executable cmTryCompileExec1011192671
/usr/bin/cmake -E cmake_link_script CMakeFiles/cmTryCompileExec1011192671.dir/link.txt --verbose=1
/usr/bin/cc   -DCHECK_FUNCTION_EXISTS=pthread_create    CMakeFiles/cmTryCompileExec1011192671.dir/CheckFunctionExists.c.o  -o cmTryCompileExec1011192671 -rdynamic -lpthreads 
/usr/bin/ld: cannot find -lpthreads
collect2: error: ld returned 1 exit status
make[1]: *** [cmTryCompileExec1011192671] Error 1
make[1]: Leaving directory `/home/jesse/ros_sandbox/hw1/build/CMakeFiles/CMakeTmp'
make: *** [cmTryCompileExec1011192671/fast] Error 2


