Determining if the pthread_create exist failed with the following output:
Change Dir: /home/jesse/ros_sandbox/hw2/build/CMakeFiles/CMakeTmp

Run Build Command:/usr/bin/make "cmTryCompileExec2217470160/fast"
/usr/bin/make -f CMakeFiles/cmTryCompileExec2217470160.dir/build.make CMakeFiles/cmTryCompileExec2217470160.dir/build
make[1]: Entering directory `/home/jesse/ros_sandbox/hw2/build/CMakeFiles/CMakeTmp'
/usr/bin/cmake -E cmake_progress_report /home/jesse/ros_sandbox/hw2/build/CMakeFiles/CMakeTmp/CMakeFiles 1
Building C object CMakeFiles/cmTryCompileExec2217470160.dir/CheckSymbolExists.c.o
/usr/bin/cc    -o CMakeFiles/cmTryCompileExec2217470160.dir/CheckSymbolExists.c.o   -c /home/jesse/ros_sandbox/hw2/build/CMakeFiles/CMakeTmp/CheckSymbolExists.c
Linking C executable cmTryCompileExec2217470160
/usr/bin/cmake -E cmake_link_script CMakeFiles/cmTryCompileExec2217470160.dir/link.txt --verbose=1
/usr/bin/cc       CMakeFiles/cmTryCompileExec2217470160.dir/CheckSymbolExists.c.o  -o cmTryCompileExec2217470160 -rdynamic 
CMakeFiles/cmTryCompileExec2217470160.dir/CheckSymbolExists.c.o: In function `main':
CheckSymbolExists.c:(.text+0x16): undefined reference to `pthread_create'
collect2: error: ld returned 1 exit status
make[1]: *** [cmTryCompileExec2217470160] Error 1
make[1]: Leaving directory `/home/jesse/ros_sandbox/hw2/build/CMakeFiles/CMakeTmp'
make: *** [cmTryCompileExec2217470160/fast] Error 2

File /home/jesse/ros_sandbox/hw2/build/CMakeFiles/CMakeTmp/CheckSymbolExists.c:
/* */
#include <pthread.h>

int main(int argc, char** argv)
{
  (void)argv;
#ifndef pthread_create
  return ((int*)(&pthread_create))[argc];
#else
  (void)argc;
  return 0;
#endif
}

Determining if the function pthread_create exists in the pthreads failed with the following output:
Change Dir: /home/jesse/ros_sandbox/hw2/build/CMakeFiles/CMakeTmp

Run Build Command:/usr/bin/make "cmTryCompileExec796322510/fast"
/usr/bin/make -f CMakeFiles/cmTryCompileExec796322510.dir/build.make CMakeFiles/cmTryCompileExec796322510.dir/build
make[1]: Entering directory `/home/jesse/ros_sandbox/hw2/build/CMakeFiles/CMakeTmp'
/usr/bin/cmake -E cmake_progress_report /home/jesse/ros_sandbox/hw2/build/CMakeFiles/CMakeTmp/CMakeFiles 1
Building C object CMakeFiles/cmTryCompileExec796322510.dir/CheckFunctionExists.c.o
/usr/bin/cc   -DCHECK_FUNCTION_EXISTS=pthread_create   -o CMakeFiles/cmTryCompileExec796322510.dir/CheckFunctionExists.c.o   -c /usr/share/cmake-2.8/Modules/CheckFunctionExists.c
Linking C executable cmTryCompileExec796322510
/usr/bin/cmake -E cmake_link_script CMakeFiles/cmTryCompileExec796322510.dir/link.txt --verbose=1
/usr/bin/cc   -DCHECK_FUNCTION_EXISTS=pthread_create    CMakeFiles/cmTryCompileExec796322510.dir/CheckFunctionExists.c.o  -o cmTryCompileExec796322510 -rdynamic -lpthreads 
/usr/bin/ld: cannot find -lpthreads
collect2: error: ld returned 1 exit status
make[1]: Leaving directory `/home/jesse/ros_sandbox/hw2/build/CMakeFiles/CMakeTmp'
make[1]: *** [cmTryCompileExec796322510] Error 1
make: *** [cmTryCompileExec796322510/fast] Error 2


